Arguments: 
  /usr/local/bin/node /usr/local/Cellar/yarn/1.22.10/libexec/bin/yarn.js add bfj

PATH: 
  /usr/local/bin:/usr/bin:/bin:/usr/sbin:/sbin:/Applications/Wireshark.app/Contents/MacOS

Yarn version: 
  1.22.10

Node version: 
  16.13.1

Platform: 
  darwin x64

Trace: 
  Error: http://10.0.14.79:8081/repository/6d-UI-Framework/@babel%2fcore: Package '@babel/core' not found
      at Request.params.callback [as _callback] (/usr/local/Cellar/yarn/1.22.10/libexec/lib/cli.js:66988:18)
      at Request.self.callback (/usr/local/Cellar/yarn/1.22.10/libexec/lib/cli.js:140749:22)
      at Request.emit (node:events:390:28)
      at Request.<anonymous> (/usr/local/Cellar/yarn/1.22.10/libexec/lib/cli.js:141721:10)
      at Request.emit (node:events:390:28)
      at IncomingMessage.<anonymous> (/usr/local/Cellar/yarn/1.22.10/libexec/lib/cli.js:141643:12)
      at Object.onceWrapper (node:events:509:28)
      at IncomingMessage.emit (node:events:402:35)
      at endReadableNT (node:internal/streams/readable:1343:12)
      at processTicksAndRejections (node:internal/process/task_queues:83:21)

npm manifest: 
  {
    "name": "@oneui/view-builder",
    "version": "1.1.4",
    "description": "",
    "main": "index.js",
    "scripts": {
      "test": "echo \"Error: no test specified\" && exit 1"
    },
    "bin": {
      "view-builder": "./bin/builder.js"
    },
    "author": "",
    "license": "ISC",
    "dependencies": {
      "@babel/core": "^7.15.5",
      "archiver": "^5.3.0",
      "babel-loader": "^8.2.2",
      "babel-preset-react-app": "^10.0.0",
      "css-loader": "^6.3.0",
      "file-loader": "^6.2.0",
      "fs-extra": "^10.0.0",
      "html-webpack-plugin": "^5.3.2",
      "react": ">= 17",
      "react-dev-utils": "^11.0.4",
      "react-dom": ">= 17",
      "react-i18next": "^11.15.3",
      "sass": "^1.42.1",
      "sass-loader": "^12.1.0",
      "webpack": "^5.53.0",
      "webpack-cli": "^4.8.0"
    },
    "optionalDependencies": {
      "fsevents": "^2.1.3"
    },
    "peerDependencies": {
      "react": ">= 17",
      "react-dom": ">= 17",
      "typescript": "^3.2.1 || ^4"
    },
    "browserslist": {
      "production": [
        ">0.2%",
        "not dead",
        "not op_mini all"
      ],
      "development": [
        "last 1 chrome version",
        "last 1 firefox version",
        "last 1 safari version"
      ]
    }
  }

yarn manifest: 
  No manifest

Lockfile: 
  No lockfile
